[2016-09-10 09:15:15] Api.INFO: Matched route "login_check". {"route_parameters":{"_controller":null,"_route":"login_check"},"request_uri":"http://localhost:8000/login_check"} []
[2016-09-10 09:15:15] Api.INFO: User has been authenticated successfully. {"username":"quentin"} []
[2016-09-10 09:15:15] Api.INFO: < 302 http://localhost:8000/api [] []
[2016-09-10 09:15:16] Api.INFO: Matched route "api_all_user". {"route_parameters":{"_controller":"Api\\UserBundle\\Controller\\UserController::AllUser","_route":"api_all_user"},"request_uri":"http://localhost:8000/api"} []
[2016-09-10 09:15:16] Api.INFO: Populated the TokenStorage with an anonymous Token. [] []
[2016-09-10 09:15:16] Api.INFO: < 302 http://localhost:8000/login [] []
[2016-09-10 09:15:16] Api.INFO: Matched route "login". {"route_parameters":{"_controller":"Api\\UserBundle\\Controller\\UserController::loginAction","_route":"login"},"request_uri":"http://localhost:8000/login"} []
[2016-09-10 09:15:16] Api.INFO: Populated the TokenStorage with an anonymous Token. [] []
[2016-09-10 09:15:16] Api.INFO: > GET /login [] []
[2016-09-10 09:15:16] Api.INFO: < 200 [] []
[2016-09-10 09:28:35] Api.INFO: Matched route "login_check". {"route_parameters":{"_controller":null,"_route":"login_check"},"request_uri":"http://localhost:8000/login_check"} []
[2016-09-10 09:28:35] Api.INFO: User has been authenticated successfully. {"username":"quentin"} []
[2016-09-10 09:28:35] Api.INFO: < 302 http://localhost:8000/api [] []
[2016-09-10 09:28:36] Api.INFO: Matched route "api_all_user". {"route_parameters":{"_controller":"Api\\UserBundle\\Controller\\UserController::AllUser","_route":"api_all_user"},"request_uri":"http://localhost:8000/api"} []
[2016-09-10 09:28:36] Api.INFO: Populated the TokenStorage with an anonymous Token. [] []
[2016-09-10 09:28:36] Api.INFO: < 302 http://localhost:8000/login [] []
[2016-09-10 09:28:36] Api.INFO: Matched route "login". {"route_parameters":{"_controller":"Api\\UserBundle\\Controller\\UserController::loginAction","_route":"login"},"request_uri":"http://localhost:8000/login"} []
[2016-09-10 09:28:36] Api.INFO: Populated the TokenStorage with an anonymous Token. [] []
[2016-09-10 09:28:36] Api.INFO: > GET /login [] []
[2016-09-10 09:28:36] Api.INFO: < 200 [] []
[2016-09-10 09:30:06] Api.INFO: Matched route "login_check". {"route_parameters":{"_controller":null,"_route":"login_check"},"request_uri":"http://localhost:8000/login_check"} []
[2016-09-10 09:30:06] Api.INFO: User has been authenticated successfully. {"username":"quentin"} []
[2016-09-10 09:30:06] Api.INFO: < 302 http://localhost:8000/api [] []
[2016-09-10 09:30:06] Api.INFO: Matched route "api_all_user". {"route_parameters":{"_controller":"Api\\UserBundle\\Controller\\UserController::AllUser","_route":"api_all_user"},"request_uri":"http://localhost:8000/api"} []
[2016-09-10 09:30:06] Api.INFO: Populated the TokenStorage with an anonymous Token. [] []
[2016-09-10 09:30:06] Api.INFO: < 302 http://localhost:8000/login [] []
[2016-09-10 09:30:06] Api.INFO: Matched route "login". {"route_parameters":{"_controller":"Api\\UserBundle\\Controller\\UserController::loginAction","_route":"login"},"request_uri":"http://localhost:8000/login"} []
[2016-09-10 09:30:06] Api.INFO: Populated the TokenStorage with an anonymous Token. [] []
[2016-09-10 09:30:06] Api.INFO: > GET /login [] []
[2016-09-10 09:30:06] Api.INFO: < 200 [] []
[2016-09-10 09:31:03] Api.INFO: Matched route "login_check". {"route_parameters":{"_controller":null,"_route":"login_check"},"request_uri":"http://localhost:8000/login_check"} []
[2016-09-10 09:31:03] Api.INFO: User has been authenticated successfully. {"username":"quentin"} []
[2016-09-10 09:31:03] Api.INFO: < 302 http://localhost:8000/api [] []
[2016-09-10 09:31:03] Api.INFO: Matched route "api_all_user". {"route_parameters":{"_controller":"Api\\UserBundle\\Controller\\UserController::AllUser","_route":"api_all_user"},"request_uri":"http://localhost:8000/api"} []
[2016-09-10 09:31:03] Api.INFO: Populated the TokenStorage with an anonymous Token. [] []
[2016-09-10 09:31:03] Api.INFO: < 302 http://localhost:8000/login [] []
[2016-09-10 09:31:03] Api.INFO: Matched route "login". {"route_parameters":{"_controller":"Api\\UserBundle\\Controller\\UserController::loginAction","_route":"login"},"request_uri":"http://localhost:8000/login"} []
[2016-09-10 09:31:03] Api.INFO: Populated the TokenStorage with an anonymous Token. [] []
[2016-09-10 09:31:03] Api.INFO: > GET /login [] []
[2016-09-10 09:31:03] Api.INFO: < 200 [] []
[2016-09-10 09:31:03] Api.INFO: Matched route "login_check". {"route_parameters":{"_controller":null,"_route":"login_check"},"request_uri":"http://localhost:8000/login_check"} []
[2016-09-10 09:31:03] Api.INFO: User has been authenticated successfully. {"username":"quentin"} []
[2016-09-10 09:31:03] Api.INFO: < 302 http://localhost:8000/api [] []
[2016-09-10 09:31:03] Api.INFO: Matched route "api_all_user". {"route_parameters":{"_controller":"Api\\UserBundle\\Controller\\UserController::AllUser","_route":"api_all_user"},"request_uri":"http://localhost:8000/api"} []
[2016-09-10 09:31:03] Api.INFO: Populated the TokenStorage with an anonymous Token. [] []
[2016-09-10 09:31:03] Api.INFO: < 302 http://localhost:8000/login [] []
[2016-09-10 09:31:04] Api.INFO: Matched route "login". {"route_parameters":{"_controller":"Api\\UserBundle\\Controller\\UserController::loginAction","_route":"login"},"request_uri":"http://localhost:8000/login"} []
[2016-09-10 09:31:04] Api.INFO: Populated the TokenStorage with an anonymous Token. [] []
[2016-09-10 09:31:04] Api.INFO: > GET /login [] []
[2016-09-10 09:31:04] Api.INFO: < 200 [] []
[2016-09-10 09:31:16] Api.INFO: Matched route "login_check". {"route_parameters":{"_controller":null,"_route":"login_check"},"request_uri":"http://localhost:8000/login_check"} []
[2016-09-10 09:31:16] Api.INFO: User has been authenticated successfully. {"username":"quentin"} []
[2016-09-10 09:31:16] Api.INFO: < 302 http://localhost:8000/api [] []
[2016-09-10 09:31:16] Api.INFO: Matched route "api_all_user". {"route_parameters":{"_controller":"Api\\UserBundle\\Controller\\UserController::AllUser","_route":"api_all_user"},"request_uri":"http://localhost:8000/api"} []
[2016-09-10 09:31:16] Api.INFO: Populated the TokenStorage with an anonymous Token. [] []
[2016-09-10 09:31:16] Api.INFO: < 302 http://localhost:8000/login [] []
[2016-09-10 09:31:17] Api.INFO: Matched route "login". {"route_parameters":{"_controller":"Api\\UserBundle\\Controller\\UserController::loginAction","_route":"login"},"request_uri":"http://localhost:8000/login"} []
[2016-09-10 09:31:17] Api.INFO: Populated the TokenStorage with an anonymous Token. [] []
[2016-09-10 09:31:17] Api.INFO: > GET /login [] []
[2016-09-10 09:31:17] Api.INFO: < 200 [] []
[2016-09-10 09:34:39] Api.INFO: Matched route "login_check". {"route_parameters":{"_controller":null,"_route":"login_check"},"request_uri":"http://localhost:8000/login_check"} []
[2016-09-10 09:34:39] Api.INFO: User has been authenticated successfully. {"username":"quentin"} []
[2016-09-10 09:34:39] Api.INFO: < 302 http://localhost:8000/api [] []
[2016-09-10 09:36:07] Api.ERROR: Symfony\Component\HttpKernel\Exception\MethodNotAllowedHttpException: No route found for "OPTIONS /api": Method Not Allowed (Allow: GET) (uncaught exception) at /Users/Quentin/Desktop/EDF/interaction/Api/vendor/symfony/http-kernel/EventListener/RouterListener.php line 180 {"exception":"[object] (Symfony\\Component\\HttpKernel\\Exception\\MethodNotAllowedHttpException(code: 0): No route found for \"OPTIONS /api\": Method Not Allowed (Allow: GET) at /Users/Quentin/Desktop/EDF/interaction/Api/vendor/symfony/http-kernel/EventListener/RouterListener.php:180, Symfony\\Component\\Routing\\Exception\\MethodNotAllowedException(code: 0):  at /Users/Quentin/Desktop/EDF/interaction/Api/vendor/symfony/routing/Matcher/UrlMatcher.php:97)"} []
[2016-09-10 09:36:07] Api.INFO: < 405 [] []
[2016-09-10 09:38:20] Api.INFO: Matched route "login_check". {"route_parameters":{"_controller":null,"_route":"login_check"},"request_uri":"http://localhost:8000/login_check"} []
[2016-09-10 09:38:20] Api.INFO: User has been authenticated successfully. {"username":"quentin"} []
[2016-09-10 09:38:20] Api.INFO: < 302 http://localhost:8000/api [] []
[2016-09-10 09:38:29] Api.INFO: Matched route "api_all_user". {"route_parameters":{"_controller":"Api\\UserBundle\\Controller\\UserController::AllUser","_route":"api_all_user"},"request_uri":"http://localhost:8000/api"} []
[2016-09-10 09:38:29] Api.INFO: > GET /api [] []
[2016-09-10 09:38:29] Api.INFO: < 200 [] []
[2016-09-10 09:38:37] Api.INFO: Matched route "api_all_user". {"route_parameters":{"_controller":"Api\\UserBundle\\Controller\\UserController::AllUser","_route":"api_all_user"},"request_uri":"http://localhost:8000/api"} []
[2016-09-10 09:38:37] Api.INFO: > GET /api [] []
[2016-09-10 09:38:37] Api.INFO: < 200 [] []
[2016-09-10 09:41:04] Api.INFO: Matched route "login_check". {"route_parameters":{"_controller":null,"_route":"login_check"},"request_uri":"http://localhost:8000/login_check"} []
[2016-09-10 09:41:04] Api.INFO: User has been authenticated successfully. {"username":"quentin"} []
[2016-09-10 09:41:04] Api.INFO: < 302 http://localhost:8000/api [] []
[2016-09-10 09:44:27] Api.INFO: Matched route "login_check". {"route_parameters":{"_controller":null,"_route":"login_check"},"request_uri":"http://localhost:8000/login_check"} []
[2016-09-10 09:44:27] Api.INFO: User has been authenticated successfully. {"username":"quentin"} []
[2016-09-10 09:44:27] Api.INFO: < 302 http://localhost:8000/api [] []
[2016-09-10 09:44:54] Api.INFO: Matched route "login_check". {"route_parameters":{"_controller":null,"_route":"login_check"},"request_uri":"http://localhost:8000/login_check"} []
[2016-09-10 09:44:54] Api.INFO: User has been authenticated successfully. {"username":"quentin"} []
[2016-09-10 09:44:54] Api.INFO: < 302 http://localhost:8000/api [] []
[2016-09-10 09:45:20] Api.INFO: Matched route "login_check". {"route_parameters":{"_controller":null,"_route":"login_check"},"request_uri":"http://localhost:8000/login_check"} []
[2016-09-10 09:45:20] Api.INFO: User has been authenticated successfully. {"username":"quentin"} []
[2016-09-10 09:45:20] Api.INFO: < 302 http://localhost:8000/api [] []
[2016-09-10 09:45:52] Api.INFO: Matched route "login_check". {"route_parameters":{"_controller":null,"_route":"login_check"},"request_uri":"http://localhost:8000/login_check"} []
[2016-09-10 09:45:52] Api.INFO: User has been authenticated successfully. {"username":"quentin"} []
[2016-09-10 09:45:52] Api.INFO: < 302 http://localhost:8000/api [] []
[2016-09-10 09:45:52] Api.INFO: Matched route "api_all_user". {"route_parameters":{"_controller":"Api\\UserBundle\\Controller\\UserController::AllUser","_route":"api_all_user"},"request_uri":"http://localhost:8000/api"} []
[2016-09-10 09:45:52] Api.INFO: > GET /api [] []
[2016-09-10 09:45:52] Api.INFO: < 200 [] []
[2016-09-10 09:46:05] Api.INFO: Matched route "api_all_user". {"route_parameters":{"_controller":"Api\\UserBundle\\Controller\\UserController::AllUser","_route":"api_all_user"},"request_uri":"http://localhost:8000/api"} []
[2016-09-10 09:46:05] Api.INFO: > GET /api [] []
[2016-09-10 09:46:05] Api.INFO: < 200 [] []
[2016-09-10 09:46:38] Api.INFO: Matched route "api_all_user". {"route_parameters":{"_controller":"Api\\UserBundle\\Controller\\UserController::AllUser","_route":"api_all_user"},"request_uri":"http://localhost:8000/api"} []
[2016-09-10 09:46:38] Api.INFO: Populated the TokenStorage with an anonymous Token. [] []
[2016-09-10 09:46:38] Api.INFO: < 302 http://localhost:8000/login [] []
[2016-09-10 09:46:39] Api.INFO: Matched route "login". {"route_parameters":{"_controller":"Api\\UserBundle\\Controller\\UserController::loginAction","_route":"login"},"request_uri":"http://localhost:8000/login"} []
[2016-09-10 09:46:39] Api.INFO: Populated the TokenStorage with an anonymous Token. [] []
[2016-09-10 09:46:39] Api.INFO: > GET /login [] []
[2016-09-10 09:46:39] Api.INFO: < 200 [] []
[2016-09-10 09:47:00] Api.INFO: Matched route "login_check". {"route_parameters":{"_controller":null,"_route":"login_check"},"request_uri":"http://localhost:8000/login_check"} []
[2016-09-10 09:47:00] Api.INFO: User has been authenticated successfully. {"username":"quentin"} []
[2016-09-10 09:47:00] Api.INFO: < 302 http://localhost:8000/api [] []
[2016-09-10 09:47:00] Api.INFO: Matched route "api_all_user". {"route_parameters":{"_controller":"Api\\UserBundle\\Controller\\UserController::AllUser","_route":"api_all_user"},"request_uri":"http://localhost:8000/api"} []
[2016-09-10 09:47:00] Api.INFO: > GET /api [] []
[2016-09-10 09:47:00] Api.INFO: < 200 [] []
[2016-09-11 19:44:08] Api.INFO: Matched route "login_check". {"route_parameters":{"_controller":null,"_route":"login_check"},"request_uri":"http://localhost:8000/login_check"} []
[2016-09-11 19:44:08] Api.INFO: User has been authenticated successfully. {"username":"quentin"} []
[2016-09-11 19:44:09] Api.INFO: < 302 http://localhost:8000/api [] []
[2016-09-11 19:44:09] Api.INFO: Matched route "api_all_user". {"route_parameters":{"_controller":"Api\\UserBundle\\Controller\\UserController::AllUser","_route":"api_all_user"},"request_uri":"http://localhost:8000/api"} []
[2016-09-11 19:44:09] Api.INFO: > GET /api [] []
[2016-09-11 19:44:09] Api.INFO: < 200 [] []
[2016-09-11 19:44:13] Api.INFO: Matched route "api_all_user". {"route_parameters":{"_controller":"Api\\UserBundle\\Controller\\UserController::AllUser","_route":"api_all_user"},"request_uri":"http://localhost:8000/api"} []
[2016-09-11 19:44:13] Api.INFO: > GET /api [] []
[2016-09-11 19:44:13] Api.INFO: < 200 [] []
